Compiling the C compiler identification source file "CMakeCCompilerId.c" failed.
Compiler: /usr/bin/eosio-cc 
Build flags: ;-O3;
Id flags:  

The output was:
255
/usr/opt/eosio.cdt/1.7.0/bin/wasm-ld: error: fatal failure: contract with no actions and trying to create dispatcher


Compiling the CXX compiler identification source file "CMakeCXXCompilerId.cpp" failed.
Compiler: /usr/bin/eosio-cpp 
Build flags: ;-O3;
Id flags:  

The output was:
255
/usr/opt/eosio.cdt/1.7.0/bin/wasm-ld: error: fatal failure: contract with no actions and trying to create dispatcher


Detecting C compiler ABI info failed to compile with the following output:
Change Dir: /home/duchuy/Documents/blockchain/eosio/grab_solution/build/grab_solution/CMakeFiles/CMakeTmp

Run Build Command(s):/usr/bin/make cmTC_13fa6/fast && make[3]: Entering directory '/home/duchuy/Documents/blockchain/eosio/grab_solution/build/grab_solution/CMakeFiles/CMakeTmp'
/usr/bin/make -f CMakeFiles/cmTC_13fa6.dir/build.make CMakeFiles/cmTC_13fa6.dir/build
make[4]: Entering directory '/home/duchuy/Documents/blockchain/eosio/grab_solution/build/grab_solution/CMakeFiles/CMakeTmp'
Building C object CMakeFiles/cmTC_13fa6.dir/CMakeCCompilerABI.c.obj
/usr/bin/eosio-cc   -O3     -v -o CMakeFiles/cmTC_13fa6.dir/CMakeCCompilerABI.c.obj   -c /usr/share/cmake-3.16/Modules/CMakeCCompilerABI.c
clang version 7.0.0 (https://github.com/eosio/clang.git 6b886302a11a8419b76e469794ff9d0c531a4b4b) (https://github.com/eosio/llvm 3c026f8b7813ad693749d3551353a554c5ca33e7)
Target: x86_64-unknown-linux-gnu
Thread model: posix
InstalledDir: /usr/opt/eosio.cdt/1.7.0/bin
Found candidate GCC installation: /usr/lib/gcc/x86_64-linux-gnu/9
Selected GCC installation: /usr/lib/gcc/x86_64-linux-gnu/9
Candidate multilib: .;@m64
Selected multilib: .;@m64
Linking C executable cmTC_13fa6.wasm
/usr/bin/cmake -E cmake_link_script CMakeFiles/cmTC_13fa6.dir/link.txt --verbose=1
/usr/bin/eosio-ld  -v CMakeFiles/cmTC_13fa6.dir/CMakeCCompilerABI.c.obj -o cmTC_13fa6.wasm 
eosio-ld: Unknown command line argument '-v'.  Try: '/usr/bin/eosio-ld -help'
eosio-ld: Did you mean '-L'?
make[4]: *** [CMakeFiles/cmTC_13fa6.dir/build.make:87: cmTC_13fa6.wasm] Error 1
make[4]: Leaving directory '/home/duchuy/Documents/blockchain/eosio/grab_solution/build/grab_solution/CMakeFiles/CMakeTmp'
make[3]: *** [Makefile:121: cmTC_13fa6/fast] Error 2
make[3]: Leaving directory '/home/duchuy/Documents/blockchain/eosio/grab_solution/build/grab_solution/CMakeFiles/CMakeTmp'




Detecting CXX compiler ABI info failed to compile with the following output:
Change Dir: /home/duchuy/Documents/blockchain/eosio/grab_solution/build/grab_solution/CMakeFiles/CMakeTmp

Run Build Command(s):/usr/bin/make cmTC_1bea7/fast && make[3]: Entering directory '/home/duchuy/Documents/blockchain/eosio/grab_solution/build/grab_solution/CMakeFiles/CMakeTmp'
/usr/bin/make -f CMakeFiles/cmTC_1bea7.dir/build.make CMakeFiles/cmTC_1bea7.dir/build
make[4]: Entering directory '/home/duchuy/Documents/blockchain/eosio/grab_solution/build/grab_solution/CMakeFiles/CMakeTmp'
Building CXX object CMakeFiles/cmTC_1bea7.dir/CMakeCXXCompilerABI.cpp.obj
/usr/bin/eosio-cpp    -O3     -v -o CMakeFiles/cmTC_1bea7.dir/CMakeCXXCompilerABI.cpp.obj -c /usr/share/cmake-3.16/Modules/CMakeCXXCompilerABI.cpp
clang version 7.0.0 (https://github.com/eosio/clang.git 6b886302a11a8419b76e469794ff9d0c531a4b4b) (https://github.com/eosio/llvm 3c026f8b7813ad693749d3551353a554c5ca33e7)
Target: x86_64-unknown-linux-gnu
Thread model: posix
InstalledDir: /usr/opt/eosio.cdt/1.7.0/bin
Found candidate GCC installation: /usr/lib/gcc/x86_64-linux-gnu/9
Selected GCC installation: /usr/lib/gcc/x86_64-linux-gnu/9
Candidate multilib: .;@m64
Selected multilib: .;@m64
Linking CXX executable cmTC_1bea7.wasm
/usr/bin/cmake -E cmake_link_script CMakeFiles/cmTC_1bea7.dir/link.txt --verbose=1
/usr/bin/eosio-ld  -v CMakeFiles/cmTC_1bea7.dir/CMakeCXXCompilerABI.cpp.obj -o cmTC_1bea7.wasm 
eosio-ld: Unknown command line argument '-v'.  Try: '/usr/bin/eosio-ld -help'
eosio-ld: Did you mean '-L'?
make[4]: *** [CMakeFiles/cmTC_1bea7.dir/build.make:87: cmTC_1bea7.wasm] Error 1
make[4]: Leaving directory '/home/duchuy/Documents/blockchain/eosio/grab_solution/build/grab_solution/CMakeFiles/CMakeTmp'
make[3]: *** [Makefile:121: cmTC_1bea7/fast] Error 2
make[3]: Leaving directory '/home/duchuy/Documents/blockchain/eosio/grab_solution/build/grab_solution/CMakeFiles/CMakeTmp'




